<?xml version="1.0" encoding="UTF-8"?>
<testng-results skipped="0" failed="0" ignored="0" total="1" passed="1">
  <reporter-output>
  </reporter-output>
  <suite name="Default suite" duration-ms="4142" started-at="2022-02-11T19:47:56 IST" finished-at="2022-02-11T19:48:00 IST">
    <groups>
    </groups>
    <test name="Default test" duration-ms="4142" started-at="2022-02-11T19:47:56 IST" finished-at="2022-02-11T19:48:00 IST">
      <class name="com.data.Data_Validation">
        <test-method status="PASS" signature="validate_Data()[pri:0, instance:com.data.Data_Validation@12cdcf4]" name="validate_Data" duration-ms="4100" started-at="2022-02-11T19:47:56 IST" finished-at="2022-02-11T19:48:00 IST">
          <reporter-output>
          </reporter-output>
        </test-method> <!-- validate_Data -->
      </class> <!-- com.data.Data_Validation -->
    </test> <!-- Default test -->
  </suite> <!-- Default suite -->
</testng-results>
